[27/Jul/2021:14:45:57] (I): WordPress Instance Info:
[27/Jul/2021:14:45:57] (I): Home URL : https://jesuscajal.online
[27/Jul/2021:14:45:57] (I): Site URL : https://jesuscajal.online
[27/Jul/2021:14:45:57] (I): WordPress Version : 5.8
[27/Jul/2021:14:45:57] (I): Onboarding Version : 1.1.14
[27/Jul/2021:14:45:57] (I): Multisite : No
[27/Jul/2021:14:45:57] (I): Server Info : LiteSpeed
[27/Jul/2021:14:45:57] (I): PHP Version : 7.4.20
[27/Jul/2021:14:45:57] (I): HTTPS : Yes
[27/Jul/2021:14:45:57] (I): PHP Max Execution Time : 60
[27/Jul/2021:14:45:57] (I): PHP Max Input Vars : 5000
[27/Jul/2021:14:45:57] (I): Max Upload Size : 67108864
[27/Jul/2021:14:45:57] (I): Plugins:
[27/Jul/2021:14:45:57] (I): [PLUGIN] All in One SEO : v4.1.2.2 (All in One SEO Team)
[27/Jul/2021:14:45:57] (I): [PLUGIN] All-in-One WP Migration : v7.45 (ServMask)
[27/Jul/2021:14:45:57] (I): [PLUGIN] Elementor : v3.3.1 (Elementor.com)
[27/Jul/2021:14:45:57] (I): [PLUGIN] Google Analytics for WordPress by MonsterInsights : v7.18.0 (MonsterInsights)
[27/Jul/2021:14:45:57] (I): [PLUGIN] LiteSpeed Cache : v3.6.4 (LiteSpeed Technologies)
[27/Jul/2021:14:45:57] (I): [PLUGIN] OptinMonster : v2.5.1 (OptinMonster Team)
[27/Jul/2021:14:45:57] (I): [PLUGIN] Templates Patterns Collection : v1.1.14 (ThemeIsle)
[27/Jul/2021:14:45:57] (I): [PLUGIN] Orbit Fox Companion : v2.10.6 (Themeisle)
[27/Jul/2021:14:45:57] (I): [PLUGIN] WPForms Lite : v1.6.8.1 (WPForms)
[27/Jul/2021:14:45:57] (P): Saving remote XML
[27/Jul/2021:14:45:57] (S): Saved remote XML at path /home/u729862070/domains/jesuscajal.online/public_html/wp-content/uploads/themeisle-demo-import.xml.
[27/Jul/2021:14:45:57] (P): Starting content import...
[27/Jul/2021:14:45:57] (S): Import started.
[27/Jul/2021:14:45:57] (S): Parsing XML file.
[27/Jul/2021:14:45:57] (P): Starting parsing file:/home/u729862070/domains/jesuscajal.online/public_html/wp-content/uploads/themeisle-demo-import.xml
[27/Jul/2021:14:45:57] (P): Using WXR_Parser_SimpleXML...
[27/Jul/2021:14:45:57] (S): Parsed XML
[27/Jul/2021:14:45:57] (P): Processing categories...
[27/Jul/2021:14:45:57] (S): Processed categories.
[27/Jul/2021:14:45:57] (P): Processing tags...
[27/Jul/2021:14:45:57] (S): No tags to process.
[27/Jul/2021:14:45:57] (P): Processing terms...
[27/Jul/2021:14:45:57] (S): Processed terms.
[27/Jul/2021:14:45:57] (P): Processing posts...
[27/Jul/2021:14:45:57] (P): Inserting custom_css: neve .
[27/Jul/2021:14:45:57] (S): Done inserting custom_css: neve .
[27/Jul/2021:14:45:57] (P): Processing attachment: https://s33834.pcdn.co/freelancer/wp-content/uploads/sites/183/2019/09/neve-freelancer-01.jpg...
[27/Jul/2021:14:45:57] (P): Fetching attachment from url: https://s33834.pcdn.co/freelancer/wp-content/uploads/sites/183/2019/09/neve-freelancer-01.jpg...
[27/Jul/2021:14:45:57] (S): Fetched remote attachment.
[27/Jul/2021:14:45:57] (P): Inserting attachment...
[27/Jul/2021:14:45:57] (S): Attachment inserted
[27/Jul/2021:14:45:57] (S): Processed attachment.
[27/Jul/2021:14:45:57] (P): Processing attachment: https://s33834.pcdn.co/freelancer/wp-content/uploads/sites/183/2019/09/neve-freelancer-03.jpg...
[27/Jul/2021:14:45:57] (P): Fetching attachment from url: https://s33834.pcdn.co/freelancer/wp-content/uploads/sites/183/2019/09/neve-freelancer-03.jpg...
[27/Jul/2021:14:45:57] (S): Fetched remote attachment.
[27/Jul/2021:14:45:57] (P): Inserting attachment...
[27/Jul/2021:14:45:57] (S): Attachment inserted
[27/Jul/2021:14:45:57] (S): Processed attachment.
[27/Jul/2021:14:45:57] (P): Processing attachment: https://s33834.pcdn.co/freelancer/wp-content/uploads/sites/183/2019/09/neve-freelancer-05.jpg...
[27/Jul/2021:14:45:57] (P): Fetching attachment from url: https://s33834.pcdn.co/freelancer/wp-content/uploads/sites/183/2019/09/neve-freelancer-05.jpg...
[27/Jul/2021:14:45:57] (S): Fetched remote attachment.
[27/Jul/2021:14:45:57] (P): Inserting attachment...
[27/Jul/2021:14:45:57] (S): Attachment inserted
[27/Jul/2021:14:45:57] (S): Processed attachment.
[27/Jul/2021:14:45:57] (P): Processing attachment: https://s33834.pcdn.co/freelancer/wp-content/uploads/sites/183/2019/09/neve-freelancer-06.jpg...
[27/Jul/2021:14:45:57] (P): Fetching attachment from url: https://s33834.pcdn.co/freelancer/wp-content/uploads/sites/183/2019/09/neve-freelancer-06.jpg...
[27/Jul/2021:14:45:57] (S): Fetched remote attachment.
[27/Jul/2021:14:45:57] (P): Inserting attachment...
[27/Jul/2021:14:45:57] (S): Attachment inserted
[27/Jul/2021:14:45:57] (S): Processed attachment.
[27/Jul/2021:14:45:57] (P): Processing attachment: https://s33834.pcdn.co/freelancer/wp-content/uploads/sites/183/2019/09/neve-freelancer-08.jpg...
[27/Jul/2021:14:45:57] (P): Fetching attachment from url: https://s33834.pcdn.co/freelancer/wp-content/uploads/sites/183/2019/09/neve-freelancer-08.jpg...
[27/Jul/2021:14:45:57] (S): Fetched remote attachment.
[27/Jul/2021:14:45:57] (P): Inserting attachment...
[27/Jul/2021:14:45:57] (S): Attachment inserted
[27/Jul/2021:14:45:57] (S): Processed attachment.
[27/Jul/2021:14:45:57] (P): Processing attachment: https://s33834.pcdn.co/freelancer/wp-content/uploads/sites/183/2019/09/neve-freelancer-12.jpg...
[27/Jul/2021:14:45:57] (P): Fetching attachment from url: https://s33834.pcdn.co/freelancer/wp-content/uploads/sites/183/2019/09/neve-freelancer-12.jpg...
[27/Jul/2021:14:45:58] (S): Fetched remote attachment.
[27/Jul/2021:14:45:58] (P): Inserting attachment...
[27/Jul/2021:14:45:58] (S): Attachment inserted
[27/Jul/2021:14:45:58] (S): Processed attachment.
[27/Jul/2021:14:45:58] (P): Processing attachment: https://s33834.pcdn.co/freelancer/wp-content/uploads/sites/183/2019/09/neve-freelancer-13.jpg...
[27/Jul/2021:14:45:58] (P): Fetching attachment from url: https://s33834.pcdn.co/freelancer/wp-content/uploads/sites/183/2019/09/neve-freelancer-13.jpg...
[27/Jul/2021:14:45:58] (S): Fetched remote attachment.
[27/Jul/2021:14:45:58] (P): Inserting attachment...
[27/Jul/2021:14:45:58] (S): Attachment inserted
[27/Jul/2021:14:45:58] (S): Processed attachment.
[27/Jul/2021:14:45:58] (P): Processing attachment: https://s33834.pcdn.co/freelancer/wp-content/uploads/sites/183/2019/09/neve-freelancer-14.jpg...
[27/Jul/2021:14:45:58] (P): Fetching attachment from url: https://s33834.pcdn.co/freelancer/wp-content/uploads/sites/183/2019/09/neve-freelancer-14.jpg...
[27/Jul/2021:14:45:58] (S): Fetched remote attachment.
[27/Jul/2021:14:45:58] (P): Inserting attachment...
[27/Jul/2021:14:45:58] (S): Attachment inserted
[27/Jul/2021:14:45:58] (S): Processed attachment.
[27/Jul/2021:14:45:58] (P): Processing attachment: https://s33834.pcdn.co/freelancer/wp-content/uploads/sites/183/2019/09/neve-freelancer-15.jpg...
[27/Jul/2021:14:45:58] (P): Fetching attachment from url: https://s33834.pcdn.co/freelancer/wp-content/uploads/sites/183/2019/09/neve-freelancer-15.jpg...
[27/Jul/2021:14:45:58] (S): Fetched remote attachment.
[27/Jul/2021:14:45:58] (P): Inserting attachment...
[27/Jul/2021:14:45:58] (S): Attachment inserted
[27/Jul/2021:14:45:58] (S): Processed attachment.
[27/Jul/2021:14:45:58] (P): Processing single menu item ' '...
[27/Jul/2021:14:45:58] (P): Processing single menu item ' '...
[27/Jul/2021:14:45:58] (P): Processing attachment: https://s33834.pcdn.co/freelancer/wp-content/uploads/sites/183/2019/09/neve-freelancer-logo.png...
[27/Jul/2021:14:45:58] (P): Fetching attachment from url: https://s33834.pcdn.co/freelancer/wp-content/uploads/sites/183/2019/09/neve-freelancer-logo.png...
[27/Jul/2021:14:45:58] (S): Fetched remote attachment.
[27/Jul/2021:14:45:58] (P): Inserting attachment...
[27/Jul/2021:14:45:58] (S): Attachment inserted
[27/Jul/2021:14:45:58] (S): Processed attachment.
[27/Jul/2021:14:45:58] (P): Processing attachment: https://s33834.pcdn.co/freelancer/wp-content/uploads/sites/183/2019/09/neve-freelancer-icon.png...
[27/Jul/2021:14:45:58] (P): Fetching attachment from url: https://s33834.pcdn.co/freelancer/wp-content/uploads/sites/183/2019/09/neve-freelancer-icon.png...
[27/Jul/2021:14:45:58] (S): Fetched remote attachment.
[27/Jul/2021:14:45:58] (P): Inserting attachment...
[27/Jul/2021:14:45:58] (S): Attachment inserted
[27/Jul/2021:14:45:58] (S): Processed attachment.
[27/Jul/2021:14:45:58] (P): Processing attachment: https://s33834.pcdn.co/freelancer/wp-content/uploads/sites/183/2019/09/cropped-neve-freelancer-icon.png...
[27/Jul/2021:14:45:58] (P): Fetching attachment from url: https://s33834.pcdn.co/freelancer/wp-content/uploads/sites/183/2019/09/cropped-neve-freelancer-icon.png...
[27/Jul/2021:14:45:58] (S): Fetched remote attachment.
[27/Jul/2021:14:45:58] (P): Inserting attachment...
[27/Jul/2021:14:45:58] (S): Attachment inserted
[27/Jul/2021:14:45:58] (S): Processed attachment.
[27/Jul/2021:14:45:58] (P): Processing attachment: https://s33834.pcdn.co/freelancer/wp-content/uploads/sites/183/2021/06/freelancer-demo-02.jpeg...
[27/Jul/2021:14:45:58] (P): Fetching attachment from url: https://s33834.pcdn.co/freelancer/wp-content/uploads/sites/183/2021/06/freelancer-demo-02.jpeg...
[27/Jul/2021:14:45:58] (S): Fetched remote attachment.
[27/Jul/2021:14:45:58] (P): Inserting attachment...
[27/Jul/2021:14:45:58] (S): Attachment inserted
[27/Jul/2021:14:45:58] (S): Processed attachment.
[27/Jul/2021:14:45:58] (P): Processing attachment: https://s33834.pcdn.co/freelancer/wp-content/uploads/sites/183/2021/06/freelancer-demo-03.jpeg...
[27/Jul/2021:14:45:58] (P): Fetching attachment from url: https://s33834.pcdn.co/freelancer/wp-content/uploads/sites/183/2021/06/freelancer-demo-03.jpeg...
[27/Jul/2021:14:45:58] (S): Fetched remote attachment.
[27/Jul/2021:14:45:58] (P): Inserting attachment...
[27/Jul/2021:14:45:58] (S): Attachment inserted
[27/Jul/2021:14:45:58] (S): Processed attachment.
[27/Jul/2021:14:45:58] (P): Inserting page: Home .
[27/Jul/2021:14:45:58] (S): Done inserting page: Home .
[27/Jul/2021:14:45:58] (P): Filtering elementor meta...
[27/Jul/2021:14:45:58] (S): Filtered elementor meta.
[27/Jul/2021:14:45:58] (P): Inserting page: About Me .
[27/Jul/2021:14:45:58] (S): Done inserting page: About Me .
[27/Jul/2021:14:45:58] (P): Filtering elementor meta...
[27/Jul/2021:14:45:58] (S): Filtered elementor meta.
[27/Jul/2021:14:45:58] (P): Inserting page: Contact .
[27/Jul/2021:14:45:58] (S): Done inserting page: Contact .
[27/Jul/2021:14:45:58] (P): Filtering elementor meta...
[27/Jul/2021:14:45:58] (S): Filtered elementor meta.
[27/Jul/2021:14:45:58] (P): Inserting page: Portfolio .
[27/Jul/2021:14:45:58] (S): Done inserting page: Portfolio .
[27/Jul/2021:14:45:58] (P): Filtering elementor meta...
[27/Jul/2021:14:45:58] (S): Filtered elementor meta.
[27/Jul/2021:14:45:58] (P): Processing single menu item ' '...
[27/Jul/2021:14:45:58] (S): Processed single menu item.
[27/Jul/2021:14:45:58] (P): Processing single menu item ' '...
[27/Jul/2021:14:45:58] (S): Processed single menu item.
[27/Jul/2021:14:45:58] (P): Inserting post: Pricing freelance projects .
[27/Jul/2021:14:45:58] (S): Done inserting post: Pricing freelance projects .
[27/Jul/2021:14:45:58] (P): Inserting post: Time management TIPS .
[27/Jul/2021:14:45:58] (S): Done inserting post: Time management TIPS .
[27/Jul/2021:14:45:58] (P): Inserting post: 10 best freelance blogs .
[27/Jul/2021:14:45:59] (S): Done inserting post: 10 best freelance blogs .
[27/Jul/2021:14:45:59] (P): Inserting post: Trello for freelancers .
[27/Jul/2021:14:45:59] (S): Done inserting post: Trello for freelancers .
[27/Jul/2021:14:45:59] (P): Inserting page: Blog .
[27/Jul/2021:14:45:59] (S): Done inserting page: Blog .
[27/Jul/2021:14:45:59] (P): Processing single menu item ' '...
[27/Jul/2021:14:45:59] (S): Processed single menu item.
[27/Jul/2021:14:45:59] (S): Processed posts.
[27/Jul/2021:14:45:59] (P): Processing single menu item ' '...
[27/Jul/2021:14:45:59] (S): Processed single menu item.
[27/Jul/2021:14:45:59] (P): Processing single menu item ' '...
[27/Jul/2021:14:45:59] (S): Processed single menu item.
[27/Jul/2021:14:45:59] (P): Cleaning up import with id ...
[27/Jul/2021:14:45:59] (P): Done cleanup. Flushing cache...
[27/Jul/2021:14:45:59] (P): Flushed cache. Removing temporary data..
[27/Jul/2021:14:45:59] (S): Done importing
[27/Jul/2021:14:45:59] (P): Busting elementor cache
[27/Jul/2021:14:45:59] (S): Front page set up with id: 40.
